18-03-2009 09:49:05,Can not open serial port : COM1
18-03-2009 09:49:05,Porten 'COM1' findes ikke.
18-03-2009 09:50:11,Can not open serial port : COM1
18-03-2009 09:50:11,Porten 'COM1' findes ikke.
26-03-2011 10:25:55,Can not open serial port : COM1
26-03-2011 10:25:55,Porten 'COM1' findes ikke.
20-09-2011 10:58:45,Can not open serial port : COM1
20-09-2011 10:58:45,Porten 'COM1' findes ikke.
05-05-2012 21:56:12,Can not open serial port : COM1
05-05-2012 21:56:12,Porten 'COM1' findes ikke.
05-05-2012 21:57:41,Can not open serial port : COM1
05-05-2012 21:57:41,Porten 'COM1' findes ikke.
11-07-2012 09:48:30,Can not open serial port : COM1
11-07-2012 09:48:30,Porten 'COM1' findes ikke.
2022-01-28 9:52:06 AM,Can not open serial port : COM1
2022-01-28 9:52:06 AM,The port 'COM1' does not exist.
2022-01-30 9:26:32 AM,Can not open serial port : COM1
2022-01-30 9:26:32 AM,The port 'COM1' does not exist.
2022-01-30 9:26:54 AM,Serial port : COM3 opened at 9600 baud
2022-01-30 9:32:14 AM,Serial port : COM3 opened at 9600 baud
2022-01-30 9:33:46 AM,Serial port : COM3 opened at 9600 baud
2022-01-30 9:36:23 AM,Serial port : COM3 opened at 9600 baud
2022-01-30 9:45:41 AM,Serial port : COM3 opened at 9600 baud
2022-01-30 9:49:42 AM,Serial port : COM3 opened at 9600 baud
2022-01-30 9:57:36 AM,Serial port : COM3 opened at 9600 baud
2022-01-30 9:58:30 AM,Serial port : COM3 opened at 9600 baud
2022-01-30 10:03:57 AM,Serial port : COM3 opened at 9600 baud
2022-01-30 10:05:42 AM,Serial port : COM3 opened at 9600 baud
2022-01-30 10:06:45 AM,Serial port : COM3 opened at 9600 baud
2022-01-30 10:08:26 AM,Serial port : COM3 opened at 9600 baud
2022-01-30 2:21:35 PM,Serial port : COM3 opened at 9600 baud
2022-01-30 2:29:41 PM,Serial port : COM3 opened at 9600 baud
2022-01-30 2:37:17 PM,Serial port : COM3 opened at 9600 baud
2022-01-30 2:37:19 PM,Commandstring recieved : HX711 Dual Read
2022-01-30 2:37:19 PM,The string recieved : HX711 Dual Read is not a well formed command string
2022-01-30 2:37:22 PM,Commandstring recieved : Zero factor 1: -24593
2022-01-30 2:37:22 PM,The string recieved : Zero factor 1: -24593 is not a well formed command string
2022-01-30 2:37:23 PM,Commandstring recieved : Zero factor 2: 33031
2022-01-30 2:37:23 PM,The string recieved : Zero factor 2: 33031 is not a well formed command string
2022-01-30 2:37:23 PM,Commandstring recieved : #S|LOG1|[Thrust:-0.005    Torque:-0.001]#
2022-01-30 2:37:23 PM,Command parsed OK
2022-01-30 2:37:23 PM,Executing command : LOG1
2022-01-30 2:37:23 PM,Data logged to C:\Users\dellx\Documents\log1.txt
2022-01-30 2:37:23 PM,Commandstring recieved : #S|LOG1|[Thrust:-0.005    Torque:-0.000]#
2022-01-30 2:37:23 PM,Command parsed OK
2022-01-30 2:37:23 PM,Executing command : LOG1
2022-01-30 2:37:23 PM,Data logged to C:\Users\dellx\Documents\log1.txt
2022-01-30 2:37:23 PM,Commandstring recieved : #S|LOG1|[Thrust:-0.005    Torque:-0.000]#
2022-01-30 2:37:23 PM,Command parsed OK
2022-01-30 2:37:23 PM,Executing command : LOG1
2022-01-30 2:37:23 PM,Data logged to C:\Users\dellx\Documents\log1.txt
2022-01-30 2:37:23 PM,Commandstring recieved : #S|LOG1|[Thrust:-0.005    Torque:-0.001]#
2022-01-30 2:37:23 PM,Command parsed OK
2022-01-30 2:37:23 PM,Executing command : LOG1
2022-01-30 2:37:23 PM,Data logged to C:\Users\dellx\Documents\log1.txt
2022-01-30 2:37:24 PM,Commandstring recieved : #S|LOG1|[Thrust:-0.005    Torque:-0.001]#
2022-01-30 2:37:24 PM,Command parsed OK
2022-01-30 2:37:24 PM,Executing command : LOG1
2022-01-30 2:37:24 PM,Data logged to C:\Users\dellx\Documents\log1.txt
2022-01-30 2:37:24 PM,Commandstring recieved : #S|LOG1|[Thrust:-0.005    Torque:-0.000]#
2022-01-30 2:37:24 PM,Command parsed OK
2022-01-30 2:37:24 PM,Executing command : LOG1
2022-01-30 2:37:24 PM,Data logged to C:\Users\dellx\Documents\log1.txt
2022-01-30 2:37:24 PM,Commandstring recieved : #S|LOG1|[Thrust:-0.005    Torque:-0.001]#
2022-01-30 2:37:24 PM,Command parsed OK
2022-01-30 2:37:24 PM,Executing command : LOG1
2022-01-30 2:37:24 PM,Data logged to C:\Users\dellx\Documents\log1.txt
2022-01-30 2:37:24 PM,Commandstring recieved : #S|LOG1|[Thrust:-0.005    Torque:-0.001]#
2022-01-30 2:37:24 PM,Command parsed OK
2022-01-30 2:37:24 PM,Executing command : LOG1
2022-01-30 2:37:24 PM,Data logged to C:\Users\dellx\Documents\log1.txt
2022-01-30 2:37:24 PM,Commandstring recieved : #S|LOG1|[Thrust:-0.005    Torque:-0.001]#
2022-01-30 2:37:24 PM,Command parsed OK
2022-01-30 2:37:24 PM,Executing command : LOG1
2022-01-30 2:37:24 PM,Data logged to C:\Users\dellx\Documents\log1.txt
2022-01-30 2:37:25 PM,Commandstring recieved : #S|LOG1|[Thrust:-0.005    Torque:-0.001]#
2022-01-30 2:37:25 PM,Command parsed OK
2022-01-30 2:37:25 PM,Executing command : LOG1
2022-01-30 2:37:25 PM,Data logged to C:\Users\dellx\Documents\log1.txt
2022-01-30 2:37:25 PM,Commandstring recieved : #S|LOG1|[Thrust:-0.005    Torque:-0.001]#
2022-01-30 2:37:25 PM,Command parsed OK
2022-01-30 2:37:25 PM,Executing command : LOG1
2022-01-30 2:37:25 PM,Data logged to C:\Users\dellx\Documents\log1.txt
2022-01-30 2:37:25 PM,Commandstring recieved : #S|LOG1|[Thrust:-0.005    Torque:-0.001]#
2022-01-30 2:37:25 PM,Command parsed OK
2022-01-30 2:37:25 PM,Executing command : LOG1
2022-01-30 2:37:25 PM,Data logged to C:\Users\dellx\Documents\log1.txt
2022-01-30 2:37:25 PM,Commandstring recieved : #S|LOG1|[Thrust:-0.005    Torque:-0.002]#
2022-01-30 2:37:25 PM,Command parsed OK
2022-01-30 2:37:25 PM,Executing command : LOG1
2022-01-30 2:37:25 PM,Data logged to C:\Users\dellx\Documents\log1.txt
2022-01-30 2:37:25 PM,Commandstring recieved : #S|LOG1|[Thrust:-0.004    Torque:-0.004]#
2022-01-30 2:37:25 PM,Command parsed OK
2022-01-30 2:37:25 PM,Executing command : LOG1
2022-01-30 2:37:25 PM,Data logged to C:\Users\dellx\Documents\log1.txt
2022-01-30 2:37:26 PM,Commandstring recieved : #S|LOG1|[Thrust:-0.004    Torque:-0.003]#
2022-01-30 2:37:26 PM,Command parsed OK
2022-01-30 2:37:26 PM,Executing command : LOG1
2022-01-30 2:37:26 PM,Data logged to C:\Users\dellx\Documents\log1.txt
2022-01-30 2:37:26 PM,Commandstring recieved : #S|LOG1|[Thrust:-0.004    Torque:-0.003]#
2022-01-30 2:37:26 PM,Command parsed OK
2022-01-30 2:37:26 PM,Executing command : LOG1
2022-01-30 2:37:26 PM,Data logged to C:\Users\dellx\Documents\log1.txt
2022-01-30 2:37:26 PM,Commandstring recieved : #S|LOG1|[Thrust:-0.005    Torque:-0.002]#
2022-01-30 2:37:26 PM,Command parsed OK
2022-01-30 2:37:26 PM,Executing command : LOG1
2022-01-30 2:37:26 PM,Data logged to C:\Users\dellx\Documents\log1.txt
2022-01-30 2:37:26 PM,Commandstring recieved : #S|LOG1|[Thrust:-0.005    Torque:-0.002]#
2022-01-30 2:37:26 PM,Command parsed OK
2022-01-30 2:37:26 PM,Executing command : LOG1
2022-01-30 2:37:26 PM,Data logged to C:\Users\dellx\Documents\log1.txt
2022-01-30 2:37:26 PM,Commandstring recieved : #S|LOG1|[Thrust:-0.005    Torque:-0.002]#
2022-01-30 2:37:26 PM,Command parsed OK
2022-01-30 2:37:26 PM,Executing command : LOG1
2022-01-30 2:37:26 PM,Data logged to C:\Users\dellx\Documents\log1.txt
2022-01-30 2:37:27 PM,Commandstring recieved : #S|LOG1|[Thrust:-0.004    Torque:-0.002]#
2022-01-30 2:37:27 PM,Command parsed OK
2022-01-30 2:37:27 PM,Executing command : LOG1
2022-01-30 2:37:27 PM,Data logged to C:\Users\dellx\Documents\log1.txt
2022-01-30 2:37:27 PM,Commandstring recieved : #S|LOG1|[Thrust:-0.004    Torque:-0.002]#
2022-01-30 2:37:27 PM,Command parsed OK
2022-01-30 2:37:27 PM,Executing command : LOG1
2022-01-30 2:37:27 PM,Data logged to C:\Users\dellx\Documents\log1.txt
2022-01-30 2:37:27 PM,Commandstring recieved : #S|LOG1|[Thrust:-0.004    Torque:-0.002]#
2022-01-30 2:37:27 PM,Command parsed OK
2022-01-30 2:37:27 PM,Executing command : LOG1
2022-01-30 2:37:27 PM,Data logged to C:\Users\dellx\Documents\log1.txt
2022-01-30 2:37:27 PM,Commandstring recieved : #S|LOG1|[Thrust:-0.004    Torque:-0.003]#
2022-01-30 2:37:27 PM,Command parsed OK
2022-01-30 2:37:27 PM,Executing command : LOG1
2022-01-30 2:37:27 PM,Data logged to C:\Users\dellx\Documents\log1.txt
2022-01-30 2:37:27 PM,Commandstring recieved : #S|LOG1|[Thrust:-0.004    Torque:-0.003]#
2022-01-30 2:37:27 PM,Command parsed OK
2022-01-30 2:37:27 PM,Executing command : LOG1
2022-01-30 2:37:27 PM,Data logged to C:\Users\dellx\Documents\log1.txt
2022-01-30 2:37:28 PM,Commandstring recieved : #S|LOG1|[Thrust:-0.004    Torque:-0.004]#
2022-01-30 2:37:28 PM,Command parsed OK
2022-01-30 2:37:28 PM,Executing command : LOG1
2022-01-30 2:37:28 PM,Data logged to C:\Users\dellx\Documents\log1.txt
2022-01-30 2:37:28 PM,Commandstring recieved : #S|LOG1|[Thrust:-0.005    Torque:0.001]#
2022-01-30 2:37:28 PM,Command parsed OK
2022-01-30 2:37:28 PM,Executing command : LOG1
2022-01-30 2:37:28 PM,Data logged to C:\Users\dellx\Documents\log1.txt
2022-01-30 2:37:28 PM,Commandstring recieved : #S|LOG1|[Thrust:-0.006    Torque:0.001]#
2022-01-30 2:37:28 PM,Command parsed OK
2022-01-30 2:37:28 PM,Executing command : LOG1
2022-01-30 2:37:28 PM,Data logged to C:\Users\dellx\Documents\log1.txt
2022-01-30 2:37:28 PM,Commandstring recieved : #S|LOG1|[Thrust:-0.004    Torque:0.001]#
2022-01-30 2:37:28 PM,Command parsed OK
2022-01-30 2:37:28 PM,Executing command : LOG1
2022-01-30 2:37:28 PM,Data logged to C:\Users\dellx\Documents\log1.txt
2022-01-30 2:37:28 PM,Commandstring recieved : #S|LOG1|[Thrust:-0.006    Torque:0.001]#
2022-01-30 2:37:28 PM,Command parsed OK
2022-01-30 2:37:28 PM,Executing command : LOG1
2022-01-30 2:37:28 PM,Data logged to C:\Users\dellx\Documents\log1.txt
2022-01-30 2:37:29 PM,Commandstring recieved : #S|LOG1|[Thrust:-0.005    Torque:0.001]#
2022-01-30 2:37:29 PM,Command parsed OK
2022-01-30 2:37:29 PM,Executing command : LOG1
2022-01-30 2:37:29 PM,Data logged to C:\Users\dellx\Documents\log1.txt
2022-01-30 2:37:29 PM,Commandstring recieved : #S|LOG1|[Thrust:0.001    Torque:0.001]#
2022-01-30 2:37:29 PM,Command parsed OK
2022-01-30 2:37:29 PM,Executing command : LOG1
2022-01-30 2:37:29 PM,Data logged to C:\Users\dellx\Documents\log1.txt
2022-01-30 2:37:29 PM,Commandstring recieved : #S|LOG1|[Thrust:1.245    Torque:-0.002]#
2022-01-30 2:37:29 PM,Command parsed OK
2022-01-30 2:37:29 PM,Executing command : LOG1
2022-01-30 2:37:29 PM,Data logged to C:\Users\dellx\Documents\log1.txt
2022-01-30 2:37:29 PM,Commandstring recieved : #S|LOG1|[Thrust:3.548    Torque:-0.002]#
2022-01-30 2:37:29 PM,Command parsed OK
2022-01-30 2:37:29 PM,Executing command : LOG1
2022-01-30 2:37:29 PM,Data logged to C:\Users\dellx\Documents\log1.txt
2022-01-30 2:37:29 PM,Commandstring recieved : #S|LOG1|[Thrust:4.918    Torque:-0.002]#
2022-01-30 2:37:29 PM,Command parsed OK
2022-01-30 2:37:29 PM,Executing command : LOG1
2022-01-30 2:37:29 PM,Data logged to C:\Users\dellx\Documents\log1.txt
2022-01-30 2:37:30 PM,Commandstring recieved : #S|LOG1|[Thrust:4.793    Torque:0.001]#
2022-01-30 2:37:30 PM,Command parsed OK
2022-01-30 2:37:30 PM,Executing command : LOG1
2022-01-30 2:37:30 PM,Data logged to C:\Users\dellx\Documents\log1.txt
2022-01-30 2:37:30 PM,Commandstring recieved : #S|LOG1|[Thrust:4.344    Torque:0.000]#
2022-01-30 2:37:30 PM,Command parsed OK
2022-01-30 2:37:30 PM,Executing command : LOG1
2022-01-30 2:37:30 PM,Data logged to C:\Users\dellx\Documents\log1.txt
2022-01-30 2:37:30 PM,Commandstring recieved : #S|LOG1|[Thrust:4.583    Torque:-0.001]#
2022-01-30 2:37:30 PM,Command parsed OK
2022-01-30 2:37:30 PM,Executing command : LOG1
2022-01-30 2:37:30 PM,Data logged to C:\Users\dellx\Documents\log1.txt
2022-01-30 2:37:30 PM,Commandstring recieved : #S|LOG1|[Thrust:4.031    Torque:-0.001]#
2022-01-30 2:37:30 PM,Command parsed OK
2022-01-30 2:37:30 PM,Executing command : LOG1
2022-01-30 2:37:30 PM,Data logged to C:\Users\dellx\Documents\log1.txt
2022-01-30 2:37:30 PM,Commandstring recieved : #S|LOG1|[Thrust:0.984    Torque:-0.001]#
2022-01-30 2:37:30 PM,Command parsed OK
2022-01-30 2:37:30 PM,Executing command : LOG1
2022-01-30 2:37:30 PM,Data logged to C:\Users\dellx\Documents\log1.txt
2022-01-30 2:37:31 PM,Commandstring recieved : #S|LOG1|[Thrust:0.266    Torque:-0.001]#
2022-01-30 2:37:31 PM,Command parsed OK
2022-01-30 2:37:31 PM,Executing command : LOG1
2022-01-30 2:37:31 PM,Data logged to C:\Users\dellx\Documents\log1.txt
2022-01-30 2:37:31 PM,Commandstring recieved : #S|LOG1|[Thrust:0.271    Torque:-0.001]#
2022-01-30 2:37:31 PM,Command parsed OK
2022-01-30 2:37:31 PM,Executing command : LOG1
2022-01-30 2:37:31 PM,Data logged to C:\Users\dellx\Documents\log1.txt
2022-01-30 2:37:31 PM,Commandstring recieved : #S|LOG1|[Thrust:0.170    Torque:-0.001]#
2022-01-30 2:37:31 PM,Command parsed OK
2022-01-30 2:37:31 PM,Executing command : LOG1
2022-01-30 2:37:31 PM,Data logged to C:\Users\dellx\Documents\log1.txt
2022-01-30 2:37:31 PM,Commandstring recieved : #S|LOG1|[Thrust:0.124    Torque:-0.001]#
2022-01-30 2:37:31 PM,Command parsed OK
2022-01-30 2:37:31 PM,Executing command : LOG1
2022-01-30 2:37:31 PM,Data logged to C:\Users\dellx\Documents\log1.txt
2022-01-30 2:37:31 PM,Commandstring recieved : #S|LOG1|[Thrust:0.081    Torque:-0.000]#
2022-01-30 2:37:31 PM,Command parsed OK
2022-01-30 2:37:31 PM,Executing command : LOG1
2022-01-30 2:37:31 PM,Data logged to C:\Users\dellx\Documents\log1.txt
2022-01-30 2:37:32 PM,Commandstring recieved : #S|LOG1|[Thrust:-0.036    Torque:-0.001]#
2022-01-30 2:37:32 PM,Command parsed OK
2022-01-30 2:37:32 PM,Executing command : LOG1
2022-01-30 2:37:32 PM,Data logged to C:\Users\dellx\Documents\log1.txt
2022-01-30 2:37:32 PM,Commandstring recieved : #S|LOG1|[Thrust:0.134    Torque:0.107]#
2022-01-30 2:37:32 PM,Command parsed OK
2022-01-30 2:37:32 PM,Executing command : LOG1
2022-01-30 2:37:32 PM,Data logged to C:\Users\dellx\Documents\log1.txt
2022-01-30 2:37:32 PM,Commandstring recieved : #S|LOG1|[Thrust:0.452    Torque:0.184]#
2022-01-30 2:37:32 PM,Command parsed OK
2022-01-30 2:37:32 PM,Executing command : LOG1
2022-01-30 2:37:32 PM,Data logged to C:\Users\dellx\Documents\log1.txt
2022-01-30 2:37:32 PM,Commandstring recieved : #S|LOG1|[Thrust:1.817    Torque:0.234]#
2022-01-30 2:37:32 PM,Command parsed OK
2022-01-30 2:37:32 PM,Executing command : LOG1
2022-01-30 2:37:32 PM,Data logged to C:\Users\dellx\Documents\log1.txt
2022-01-30 2:37:32 PM,Commandstring recieved : #S|LOG1|[Thrust:2.338    Torque:0.274]#
2022-01-30 2:37:32 PM,Command parsed OK
2022-01-30 2:37:32 PM,Executing command : LOG1
2022-01-30 2:37:32 PM,Data logged to C:\Users\dellx\Documents\log1.txt
2022-01-30 2:37:33 PM,Commandstring recieved : #S|LOG1|[Thrust:2.693    Torque:0.204]#
2022-01-30 2:37:33 PM,Command parsed OK
2022-01-30 2:37:33 PM,Executing command : LOG1
2022-01-30 2:37:33 PM,Data logged to C:\Users\dellx\Documents\log1.txt
2022-01-30 2:37:33 PM,Commandstring recieved : #S|LOG1|[Thrust:3.128    Torque:0.175]#
2022-01-30 2:37:33 PM,Command parsed OK
2022-01-30 2:37:33 PM,Executing command : LOG1
2022-01-30 2:37:33 PM,Data logged to C:\Users\dellx\Documents\log1.txt
2022-01-30 2:37:33 PM,Commandstring recieved : #S|LOG1|[Thrust:3.595    Torque:0.139]#
2022-01-30 2:37:33 PM,Command parsed OK
2022-01-30 2:37:33 PM,Executing command : LOG1
2022-01-30 2:37:33 PM,Data logged to C:\Users\dellx\Documents\log1.txt
2022-01-30 2:37:33 PM,Commandstring recieved : #S|LOG1|[Thrust:3.963    Torque:0.036]#
2022-01-30 2:37:33 PM,Command parsed OK
2022-01-30 2:37:33 PM,Executing command : LOG1
2022-01-30 2:37:33 PM,Data logged to C:\Users\dellx\Documents\log1.txt
2022-01-30 2:37:33 PM,Commandstring recieved : #S|LOG1|[Thrust:3.898    Torque:0.040]#
2022-01-30 2:37:33 PM,Command parsed OK
2022-01-30 2:37:33 PM,Executing command : LOG1
2022-01-30 2:37:33 PM,Data logged to C:\Users\dellx\Documents\log1.txt
2022-01-30 2:37:34 PM,Commandstring recieved : #S|LOG1|[Thrust:3.214    Torque:0.071]#
2022-01-30 2:37:34 PM,Command parsed OK
2022-01-30 2:37:34 PM,Executing command : LOG1
2022-01-30 2:37:34 PM,Data logged to C:\Users\dellx\Documents\log1.txt
2022-01-30 2:37:34 PM,Commandstring recieved : #S|LOG1|[Thrust:0.831    Torque:0.088]#
2022-01-30 2:37:34 PM,Command parsed OK
2022-01-30 2:37:34 PM,Executing command : LOG1
2022-01-30 2:37:34 PM,Data logged to C:\Users\dellx\Documents\log1.txt
2022-01-30 2:37:34 PM,Commandstring recieved : #S|LOG1|[Thrust:-0.032    Torque:-0.007]#
2022-01-30 2:37:34 PM,Command parsed OK
2022-01-30 2:37:34 PM,Executing command : LOG1
2022-01-30 2:37:34 PM,Data logged to C:\Users\dellx\Documents\log1.txt
2022-01-30 2:37:34 PM,Commandstring recieved : #S|LOG1|[Thrust:-0.037    Torque:-0.001]#
2022-01-30 2:37:34 PM,Command parsed OK
2022-01-30 2:37:34 PM,Executing command : LOG1
2022-01-30 2:37:34 PM,Data logged to C:\Users\dellx\Documents\log1.txt
2022-01-30 2:37:34 PM,Commandstring recieved : #S|LOG1|[Thrust:-0.031    Torque:-0.000]#
2022-01-30 2:37:34 PM,Command parsed OK
2022-01-30 2:37:34 PM,Executing command : LOG1
2022-01-30 2:37:34 PM,Data logged to C:\Users\dellx\Documents\log1.txt
2022-01-30 2:37:35 PM,Commandstring recieved : #S|LOG1|[Thrust:-0.027    Torque:-0.000]#
2022-01-30 2:37:35 PM,Command parsed OK
2022-01-30 2:37:35 PM,Executing command : LOG1
2022-01-30 2:37:35 PM,Data logged to C:\Users\dellx\Documents\log1.txt
2022-01-30 2:37:35 PM,Commandstring recieved : #S|LOG1|[Thrust:-0.023    Torque:-0.000]#
2022-01-30 2:37:35 PM,Command parsed OK
2022-01-30 2:37:35 PM,Executing command : LOG1
2022-01-30 2:37:35 PM,Data logged to C:\Users\dellx\Documents\log1.txt
2022-01-30 2:37:35 PM,Commandstring recieved : #S|LOG1|[Thrust:-0.020    Torque:-0.000]#
2022-01-30 2:37:35 PM,Command parsed OK
2022-01-30 2:37:35 PM,Executing command : LOG1
2022-01-30 2:37:35 PM,Data logged to C:\Users\dellx\Documents\log1.txt
2022-01-30 2:37:35 PM,Commandstring recieved : #S|LOG1|[Thrust:-0.018    Torque:-0.000]#
2022-01-30 2:37:35 PM,Command parsed OK
2022-01-30 2:37:35 PM,Executing command : LOG1
2022-01-30 2:37:35 PM,Data logged to C:\Users\dellx\Documents\log1.txt
2022-01-30 2:37:35 PM,Commandstring recieved : #S|LOG1|[Thrust:-0.016    Torque:-0.000]#
2022-01-30 2:37:35 PM,Command parsed OK
2022-01-30 2:37:35 PM,Executing command : LOG1
2022-01-30 2:37:35 PM,Data logged to C:\Users\dellx\Documents\log1.txt
2022-01-30 2:37:36 PM,Commandstring recieved : #S|LOG1|[Thrust:-0.014    Torque:-0.000]#
2022-01-30 2:37:36 PM,Command parsed OK
2022-01-30 2:37:36 PM,Executing command : LOG1
2022-01-30 2:37:36 PM,Data logged to C:\Users\dellx\Documents\log1.txt
2022-01-30 2:37:36 PM,Commandstring recieved : #S|LOG1|[Thrust:-0.012    Torque:-0.000]#
2022-01-30 2:37:36 PM,Command parsed OK
2022-01-30 2:37:36 PM,Executing command : LOG1
2022-01-30 2:37:36 PM,Data logged to C:\Users\dellx\Documents\log1.txt
2022-01-30 2:37:36 PM,Commandstring recieved : #S|LOG1|[Thrust:-0.011    Torque:-0.000]#
2022-01-30 2:37:36 PM,Command parsed OK
2022-01-30 2:37:36 PM,Executing command : LOG1
2022-01-30 2:37:36 PM,Data logged to C:\Users\dellx\Documents\log1.txt
2022-01-30 2:37:36 PM,Commandstring recieved : #S|LOG1|[Thrust:-0.010    Torque:-0.000]#
2022-01-30 2:37:36 PM,Command parsed OK
2022-01-30 2:37:36 PM,Executing command : LOG1
2022-01-30 2:37:36 PM,Data logged to C:\Users\dellx\Documents\log1.txt
